hplip-install[25195]: info: :
hplip-install[25195]: info: :[01mHP Linux Imaging and Printing System (ver. 3.13.9)[0m
hplip-install[25195]: info: :[01mHPLIP Installer ver. 5.1[0m
hplip-install[25195]: info: :
hplip-install[25195]: info: :Copyright (c) 2001-13 Hewlett-Packard Development Company, LP
hplip-install[25195]: info: :This software comes with ABSOLUTELY NO WARRANTY.
hplip-install[25195]: info: :This is free software, and you are welcome to distribute it
hplip-install[25195]: info: :under certain conditions. See COPYING file for more details.
hplip-install[25195]: info: :
hplip-install[25195]: info: :Installer log saved in: [01mhplip-install_Tue-25-Jul-2017_19:46:37.log[0m
hplip-install[25195]: info: :
hplip-install[25195]: info: :
note: Defaults for each question are maked with a '*'. Press <enter> to accept the default.
error: ubuntu-16.04 version is not supported, so all dependencies may not be installed. However trying to install using ubuntu-13.04 version packages.
hplip-install[25195]: info: :
hplip-install[25195]: info: :
hplip-install[25195]: info: :[01mINSTALLATION MODE[0m
hplip-install[25195]: info: :[01m-----------------[0m
hplip-install[25195]: info: :Automatic mode will install the full HPLIP solution with the most common options.
hplip-install[25195]: info: :Custom mode allows you to choose installation options to fit specific requirements.
hplip-install[25195]: info: :
Initializing. Please wait...
hplip-install[25195]: info: :
hplip-install[25195]: info: :
hplip-install[25195]: info: :[01mINTRODUCTION[0m
hplip-install[25195]: info: :[01m------------[0m
hplip-install[25195]: info: :This installer will install HPLIP version 3.13.9 on your computer.
hplip-install[25195]: info: :Please close any running package management systems now (YaST, Adept, Synaptic, Up2date, etc).
hplip-install[25195]: info: :
hplip-install[25195]: info: :
hplip-install[25195]: info: :[01mDISTRO/OS CONFIRMATION[0m
hplip-install[25195]: info: :[01m----------------------[0m
hplip-install[25195]: info: :Distro appears to be Ubuntu 16.04.

hplip-install[25195]: info: :
hplip-install[25195]: info: :
hplip-install[25195]: info: :[01mSELECT HPLIP OPTIONS[0m
hplip-install[25195]: info: :[01m--------------------[0m
hplip-install[25195]: info: :You can select which HPLIP options to enable. Some options require extra dependencies.
hplip-install[25195]: info: :
hplip-install[25195]: info: :
hplip-install[25195]: info: :
hplip-install[25195]: info: :[01mENTER USER PASSWORD[0m
hplip-install[25195]: info: :[01m-------------------[0m
[sudo] senha para pedro: 
hplip-install[25195]: info: :
error: Aborted.
